# JRE version: Java(TM) SE Runtime Environment (8.0_121-b13) (build 1.8.0_121-b13)
# Java VM: Java HotSpot(TM) 64-Bit Server VM (25.121-b13 mixed mode windows-amd64 compressed oops)
Heap:
 PSYoungGen      total 164352K, used 128630K [0x00000000d5580000, 0x00000000e3200000, 0x0000000100000000)
  eden space 153600K, 83% used [0x00000000d5580000,0x00000000dd31dab8,0x00000000deb80000)
  from space 10752K, 0% used [0x00000000dfa00000,0x00000000dfa00000,0x00000000e0480000)
  to   space 14848K, 0% used [0x00000000deb80000,0x00000000deb80000,0x00000000dfa00000)
 ParOldGen       total 97280K, used 22287K [0x0000000080000000, 0x0000000085f00000, 0x00000000d5580000)
  object space 97280K, 22% used [0x0000000080000000,0x00000000815c3c58,0x0000000085f00000)
 Metaspace       used 37588K, capacity 39240K, committed 39424K, reserved 1083392K
  class space    used 5188K, capacity 5521K, committed 5632K, reserved 1048576K
GC Heap History (10 events):
Event: 3.542 GC heap before
{Heap before GC invocations=6 (full 1):
 PSYoungGen      total 71680K, used 5113K [0x00000000d5580000, 0x00000000de880000, 0x0000000100000000)
  eden space 66560K, 0% used [0x00000000d5580000,0x00000000d5580000,0x00000000d9680000)
  from space 5120K, 99% used [0x00000000d9680000,0x00000000d9b7e748,0x00000000d9b80000)
  to   space 8704K, 0% used [0x00000000de000000,0x00000000de000000,0x00000000de880000)
 ParOldGen       total 87552K, used 5123K [0x0000000080000000, 0x0000000085580000, 0x00000000d5580000)
  object space 87552K, 5% used [0x0000000080000000,0x0000000080500dd0,0x0000000085580000)
 Metaspace       used 20557K, capacity 21122K, committed 21296K, reserved 1067008K
  class space    used 2778K, capacity 2934K, committed 2944K, reserved 1048576K
Event: 3.613 GC heap after
Heap after GC invocations=6 (full 1):
 PSYoungGen      total 71680K, used 0K [0x00000000d5580000, 0x00000000de880000, 0x0000000100000000)
  eden space 66560K, 0% used [0x00000000d5580000,0x00000000d5580000,0x00000000d9680000)
  from space 5120K, 0% used [0x00000000d9680000,0x00000000d9680000,0x00000000d9b80000)
  to   space 8704K, 0% used [0x00000000de000000,0x00000000de000000,0x00000000de880000)
 ParOldGen       total 57344K, used 7498K [0x0000000080000000, 0x0000000083800000, 0x00000000d5580000)
  object space 57344K, 13% used [0x0000000080000000,0x0000000080752a30,0x0000000083800000)
 Metaspace       used 20557K, capacity 21122K, committed 21296K, reserved 1067008K
  class space    used 2778K, capacity 2934K, committed 2944K, reserved 1048576K
}
Event: 8.621 GC heap before
{Heap before GC invocations=7 (full 1):
 PSYoungGen      total 71680K, used 66560K [0x00000000d5580000, 0x00000000de880000, 0x0000000100000000)
  eden space 66560K, 100% used [0x00000000d5580000,0x00000000d9680000,0x00000000d9680000)
  from space 5120K, 0% used [0x00000000d9680000,0x00000000d9680000,0x00000000d9b80000)
  to   space 8704K, 0% used [0x00000000de000000,0x00000000de000000,0x00000000de880000)
 ParOldGen       total 57344K, used 7498K [0x0000000080000000, 0x0000000083800000, 0x00000000d5580000)
  object space 57344K, 13% used [0x0000000080000000,0x0000000080752a30,0x0000000083800000)
 Metaspace       used 24804K, capacity 25718K, committed 25984K, reserved 1071104K
  class space    used 3384K, capacity 3608K, committed 3712K, reserved 1048576K
Event: 8.654 GC heap after
Heap after GC invocations=7 (full 1):
 PSYoungGen      total 109568K, used 5856K [0x00000000d5580000, 0x00000000de600000, 0x0000000100000000)
  eden space 103424K, 0% used [0x00000000d5580000,0x00000000d5580000,0x00000000dba80000)
  from space 6144K, 95% used [0x00000000de000000,0x00000000de5b8148,0x00000000de600000)
  to   space 8192K, 0% used [0x00000000dd600000,0x00000000dd600000,0x00000000dde00000)
 ParOldGen       total 57344K, used 7506K [0x0000000080000000, 0x0000000083800000, 0x00000000d5580000)
  object space 57344K, 13% used [0x0000000080000000,0x0000000080754a30,0x0000000083800000)
 Metaspace       used 24804K, capacity 25718K, committed 25984K, reserved 1071104K
  class space    used 3384K, capacity 3608K, committed 3712K, reserved 1048576K
}
Event: 9.754 GC heap before
{Heap before GC invocations=8 (full 1):
 PSYoungGen      total 109568K, used 109280K [0x00000000d5580000, 0x00000000de600000, 0x0000000100000000)
  eden space 103424K, 100% used [0x00000000d5580000,0x00000000dba80000,0x00000000dba80000)
  from space 6144K, 95% used [0x00000000de000000,0x00000000de5b8148,0x00000000de600000)
  to   space 8192K, 0% used [0x00000000dd600000,0x00000000dd600000,0x00000000dde00000)
 ParOldGen       total 57344K, used 7506K [0x0000000080000000, 0x0000000083800000, 0x00000000d5580000)
  object space 57344K, 13% used [0x0000000080000000,0x0000000080754a30,0x0000000083800000)
 Metaspace       used 27800K, capacity 28828K, committed 29056K, reserved 1075200K
  class space    used 3883K, capacity 4135K, committed 4224K, reserved 1048576K
Event: 9.769 GC heap after
Heap after GC invocations=8 (full 1):
 PSYoungGen      total 139776K, used 8176K [0x00000000d5580000, 0x00000000e0480000, 0x0000000100000000)
  eden space 131584K, 0% used [0x00000000d5580000,0x00000000d5580000,0x00000000dd600000)
  from space 8192K, 99% used [0x00000000dd600000,0x00000000dddfc210,0x00000000dde00000)
  to   space 10752K, 0% used [0x00000000dfa00000,0x00000000dfa00000,0x00000000e0480000)
 ParOldGen       total 57344K, used 10642K [0x0000000080000000, 0x0000000083800000, 0x00000000d5580000)
  object space 57344K, 18% used [0x0000000080000000,0x0000000080a64bc8,0x0000000083800000)
 Metaspace       used 27800K, capacity 28828K, committed 29056K, reserved 1075200K
  class space    used 3883K, capacity 4135K, committed 4224K, reserved 1048576K
}
Event: 11.847 GC heap before
{Heap before GC invocations=9 (full 1):
 PSYoungGen      total 139776K, used 94292K [0x00000000d5580000, 0x00000000e0480000, 0x0000000100000000)
  eden space 131584K, 65% used [0x00000000d5580000,0x00000000da999128,0x00000000dd600000)
  from space 8192K, 99% used [0x00000000dd600000,0x00000000dddfc210,0x00000000dde00000)
  to   space 10752K, 0% used [0x00000000dfa00000,0x00000000dfa00000,0x00000000e0480000)
 ParOldGen       total 57344K, used 10642K [0x0000000080000000, 0x0000000083800000, 0x00000000d5580000)
  object space 57344K, 18% used [0x0000000080000000,0x0000000080a64bc8,0x0000000083800000)
 Metaspace       used 33932K, capacity 35356K, committed 35456K, reserved 1079296K
  class space    used 4642K, capacity 4933K, committed 4992K, reserved 1048576K
Event: 11.869 GC heap after
Heap after GC invocations=9 (full 1):
 PSYoungGen      total 164352K, used 10721K [0x00000000d5580000, 0x00000000e3200000, 0x0000000100000000)
  eden space 153600K, 0% used [0x00000000d5580000,0x00000000d5580000,0x00000000deb80000)
  from space 10752K, 99% used [0x00000000dfa00000,0x00000000e0478698,0x00000000e0480000)
  to   space 14848K, 0% used [0x00000000deb80000,0x00000000deb80000,0x00000000dfa00000)
 ParOldGen       total 57344K, used 17402K [0x0000000080000000, 0x0000000083800000, 0x00000000d5580000)
  object space 57344K, 30% used [0x0000000080000000,0x00000000810feaf8,0x0000000083800000)
 Metaspace       used 33932K, capacity 35356K, committed 35456K, reserved 1079296K
  class space    used 4642K, capacity 4933K, committed 4992K, reserved 1048576K
}
Event: 11.869 GC heap before
{Heap before GC invocations=10 (full 2):
 PSYoungGen      total 164352K, used 10721K [0x00000000d5580000, 0x00000000e3200000, 0x0000000100000000)
  eden space 153600K, 0% used [0x00000000d5580000,0x00000000d5580000,0x00000000deb80000)
  from space 10752K, 99% used [0x00000000dfa00000,0x00000000e0478698,0x00000000e0480000)
  to   space 14848K, 0% used [0x00000000deb80000,0x00000000deb80000,0x00000000dfa00000)
 ParOldGen       total 57344K, used 17402K [0x0000000080000000, 0x0000000083800000, 0x00000000d5580000)
  object space 57344K, 30% used [0x0000000080000000,0x00000000810feaf8,0x0000000083800000)
 Metaspace       used 33932K, capacity 35356K, committed 35456K, reserved 1079296K
  class space    used 4642K, capacity 4933K, committed 4992K, reserved 1048576K
Event: 11.979 GC heap after
Heap after GC invocations=10 (full 2):
 PSYoungGen      total 164352K, used 0K [0x00000000d5580000, 0x00000000e3200000, 0x0000000100000000)
  eden space 153600K, 0% used [0x00000000d5580000,0x00000000d5580000,0x00000000deb80000)
  from space 10752K, 0% used [0x00000000dfa00000,0x00000000dfa00000,0x00000000e0480000)
  to   space 14848K, 0% used [0x00000000deb80000,0x00000000deb80000,0x00000000dfa00000)
 ParOldGen       total 97280K, used 22287K [0x0000000080000000, 0x0000000085f00000, 0x00000000d5580000)
  object space 97280K, 22% used [0x0000000080000000,0x00000000815c3c58,0x0000000085f00000)
 Metaspace       used 33932K, capacity 35356K, committed 35456K, reserved 1079296K
  class space    used 4642K, capacity 4933K, committed 4992K, reserved 1048576K
}

